Matrix of costs c_{ij}:

0 63,44 58,13 29,01 20,26 52,55 46,98 39,51 42,34 6,18 40,84 54,86 27,57 45,63 36,36 46,87 38,05 53,26 47,11 34,85 22,3 47,2 26,78 49,49 41,09 43,75 6,98 51,51 47,59 21,68 49,91 
63,44 0 121,08 34,55 64,47 115,77 95,95 73,62 48,04 57,62 50,02 84,92 90,99 70,43 31,44 110,26 55,39 10,42 43,39 35,26 47,53 26,66 63,98 70,92 86,42 94,08 69,48 84,61 110,39 82,39 87,27 
58,13 121,08 0 87,02 60,21 17,4 61,17 76,83 87,61 64,24 92,66 85,78 31,05 86,12 94,21 12,88 87,6 110,73 100,97 88,82 78,69 104,75 72,26 78,34 51,83 43,57 51,69 81,59 23,18 39,16 62,15 
29,01 34,55 87,02 0 34,7 81,22 65,16 46,6 34,05 23,09 30,45 60,96 56,57 47,17 11,33 75,88 32,6 24,6 30,73 17,09 15,93 21,7 34,05 53,12 59,02 65,04 35,34 59,26 75,87 49,04 63,47 
20,26 64,47 60,21 34,7 0 60,46 66,03 59,63 28,12 22,45 57,13 75,06 35,3 65,23 45,41 51,98 55,71 54,13 61,45 29,76 37 56,28 46,52 29,49 24,52 30,41 18,39 71,76 57,37 21,85 30,98 
52,55 115,77 17,4 81,22 60,46 0 44,78 62,9 88,58 58,17 81,51 70,2 25,72 72,24 86,69 10,55 75,94 105,71 90,32 86,32 70,35 96,53 60,64 83,71 59,13 52,46 47,28 66,08 6,89 38,69 70,5 
46,98 95,95 61,17 65,16 66,03 44,78 0 24,78 88,92 48,54 49,33 26,19 42,02 32,73 64,56 49,31 43,09 87,78 58,44 78,19 49,5 70,89 31,99 95,45 79,97 77,95 47,69 22,36 38,19 52,95 91,06 
39,51 73,62 76,83 46,6 59,63 62,9 24,78 0 76,24 37,75 24,94 15,59 49,8 9,35 43,03 63,99 18,8 66,49 33,86 62,23 30,89 47,56 13,74 88,22 79,62 80,47 43,74 12,93 56,02 54,98 89,19 
42,34 48,04 87,61 34,05 28,12 88,58 88,92 76,24 0 40,45 64,28 91,63 63,29 79,01 44,49 80,02 65,64 39,41 64,62 17,55 46,5 52,46 62,55 22,9 42,03 50,88 44,01 89,16 85,36 49,96 40,16 
6,18 57,62 64,24 23,09 22,45 58,17 48,54 37,75 40,45 0 35,81 53,33 33,54 42,84 30,18 52,85 33,64 47,54 41,55 30,73 16,53 41,03 24,29 50,47 45,21 48,68 13,08 50,29 52,97 27,71 53,18 
40,84 50,02 92,66 30,45 57,13 81,51 49,33 24,94 64,28 35,81 0 34,9 62,32 20,42 22,24 79,96 6,25 44,27 9,23 47,53 20,16 23,4 20,89 81,51 80,88 84,45 47,44 34,72 74,9 61,78 88,08 
54,86 84,92 85,78 60,96 75,06 70,2 26,19 15,59 91,63 53,33 34,9 0 61,75 14,53 55,85 73,31 29,85 78,87 42,33 77,13 45,7 58,28 29,28 103,79 94,35 94,57 58,67 4,22 63,41 68,86 104,24 
27,57 90,99 31,05 56,57 35,3 25,72 42,02 49,8 63,29 33,54 62,32 61,75 0 58,64 63,25 19,31 57,66 80,76 70,32 60,63 47,64 73,71 42,62 61,06 40 36,42 21,74 57,6 22,08 14,41 51,61 
45,63 70,43 86,12 47,17 65,23 72,24 32,73 9,35 79,01 42,84 20,42 14,53 58,64 0 41,43 73,27 15,35 64,35 28,26 63,74 32,55 43,82 18,86 92,92 86,5 87,99 50,65 14,45 65,35 62,85 95,53 
36,36 31,44 94,21 11,33 45,41 86,69 64,56 43,03 44,49 30,18 22,24 55,85 63,25 41,43 0 82,45 26,1 23,49 20,29 27,01 16,57 11,07 32,58 64,33 69,88 75,51 43,2 54,86 80,84 57,61 74,71 
46,87 110,26 12,88 75,88 51,98 10,55 49,31 63,99 80,02 52,85 79,96 73,31 19,31 73,27 82,45 0 74,82 100,01 88,37 79,23 66,6 92,79 59,46 73,8 48,77 41,94 40,85 69,1 12,98 30,16 60,05 
38,05 55,39 87,6 32,6 55,71 75,94 43,09 18,8 65,64 33,64 6,25 29,85 57,66 15,35 26,1 74,82 0 49,02 15,45 49,54 19,64 28,98 15,38 81,51 78,83 81,79 44,31 29,23 69,26 58,25 86,67 
53,26 10,42 110,73 24,6 54,13 105,71 87,78 66,49 39,41 47,54 44,27 78,87 80,76 64,35 23,49 100,01 49,02 0 39,11 25,25 38,61 22,11 55,84 62,26 76,41 83,91 59,19 78,13 100,45 71,98 77,78 
47,11 43,39 100,97 30,73 61,45 90,32 58,44 33,86 64,62 41,55 9,23 42,33 70,32 28,26 20,29 88,37 15,45 39,11 0 47,23 25,06 17,08 29,87 83,6 85,74 90,06 53,97 42,7 83,78 68,58 92,05 
34,85 35,26 88,82 17,09 29,76 86,32 78,19 62,23 17,55 30,73 47,53 77,13 60,63 63,74 27,01 79,23 49,54 25,25 47,23 0 31,44 35,01 48,94 38,85 51,18 58,84 39,1 75,1 81,93 49,66 52,77 
22,3 47,53 78,69 15,93 37 70,35 49,5 30,89 46,5 16,53 20,16 45,7 47,64 32,55 16,57 66,6 19,64 38,61 25,06 31,44 0 26,23 18,12 61,89 60,95 65,02 29,26 43,71 64,39 43,96 67,93 
47,2 26,66 104,75 21,7 56,28 96,53 70,89 47,56 52,46 41,03 23,4 58,28 73,71 43,82 11,07 92,79 28,98 22,11 17,08 35,01 26,23 0 39,47 73,53 80,68 86,48 54,1 58,08 90,47 68,59 85,06 
26,78 63,98 72,26 34,05 46,52 60,64 31,99 13,74 62,55 24,29 20,89 29,28 42,62 18,86 32,58 59,46 15,38 55,84 29,87 48,94 18,12 39,47 0 74,71 67,68 69,45 31,91 26,61 54,02 44,73 76,68 
49,49 70,92 78,34 53,12 29,49 83,71 95,45 88,22 22,9 50,47 81,51 103,79 61,06 92,92 64,33 73,8 81,51 62,26 83,6 38,85 61,89 73,53 74,71 0 26,94 36,03 47,76 100,68 82,21 46,66 20,08 
41,09 86,42 51,83 59,02 24,52 59,13 79,97 79,62 42,03 45,21 80,88 94,35 40 86,5 69,88 48,77 78,83 76,41 85,74 51,18 60,95 80,68 67,68 26,94 0 9,23 35,91 90,61 58,82 27,05 11,66 
43,75 94,08 43,57 65,04 30,41 52,46 77,95 80,47 50,88 48,68 84,45 94,57 36,42 87,99 75,51 41,94 81,79 83,91 90,06 58,84 65,02 86,48 69,45 36,03 9,23 0 37,65 90,66 52,99 25,74 18,59 
6,98 69,48 51,69 35,34 18,39 47,28 47,69 43,74 44,01 13,08 47,44 58,67 21,74 50,65 43,2 40,85 44,31 59,19 53,97 39,1 29,26 54,1 31,91 47,76 35,91 37,65 0 55,06 42,84 14,71 45,58 
51,51 84,61 81,59 59,26 71,76 66,08 22,36 12,93 89,16 50,29 34,72 4,22 57,6 14,45 54,86 69,1 29,23 78,13 42,7 75,1 43,71 58,08 26,61 100,68 90,61 90,66 55,06 0 59,27 64,93 100,63 
47,59 110,39 23,18 75,87 57,37 6,89 38,19 56,02 85,36 52,97 74,9 63,41 22,08 65,35 80,84 12,98 69,26 100,45 83,78 81,93 64,39 90,47 54,02 82,21 58,82 52,99 42,84 59,27 0 36,06 70,4 
21,68 82,39 39,16 49,04 21,85 38,69 52,95 54,98 49,96 27,71 61,78 68,86 14,41 62,85 57,61 30,16 58,25 71,98 68,58 49,66 43,96 68,59 44,73 46,66 27,05 25,74 14,71 64,93 36,06 0 38,35 
49,91 87,27 62,15 63,47 30,98 70,5 91,06 89,19 40,16 53,18 88,08 104,24 51,61 95,53 74,71 60,05 86,67 77,78 92,05 52,77 67,93 85,06 76,68 20,08 11,66 18,59 45,58 100,63 70,4 38,35 0 

Total demans value is : 364.0

Continuous minimum number of required vehicles : 5

Found incumbent of value 2384.082384 after 0.00 sec. (0.12 ticks)
Tried aggregator 1 time.
MIP Presolve eliminated 31 rows and 32 columns.
Reduced MIP has 1020 rows, 1890 columns, and 5520 nonzeros.
Reduced MIP has 960 binaries, 0 generals, 0 SOSs, and 0 indicators.
Presolve time = 0.02 sec. (2.66 ticks)
Probing time = 0.00 sec. (3.26 ticks)
Cover probing fixed 30 vars, tightened 0 bounds.
Tried aggregator 1 time.
MIP Presolve eliminated 0 rows and 30 columns.
Reduced MIP has 1020 rows, 1860 columns, and 5460 nonzeros.
Reduced MIP has 930 binaries, 0 generals, 0 SOSs, and 0 indicators.
Presolve time = 0.00 sec. (3.12 ticks)
Probing time = 0.00 sec. (3.23 ticks)
Clique table members: 60.
MIP emphasis: balance optimality and feasibility.
MIP search method: dynamic search.
Parallel mode: deterministic, using up to 4 threads.
Root relaxation solution time = 0.03 sec. (25.21 ticks)

        Nodes                                         Cuts/
   Node  Left     Objective  IInf  Best Integer    Best Bound    ItCnt     Gap

*     0+    0                         2384.0824        0.0000     1115  100.00%
      0     0      561.0407    80     2384.0824      561.0407     1115   76.47%
*     0+    0                          758.5027      561.0407     1326   26.03%
      0     0      578.3949    82      758.5027      Cuts: 87     1326   23.75%
*     0+    0                          747.1480      578.3949     1774   22.59%
      0     0      606.5311    90      747.1480     Cuts: 100     1774   18.82%
      0     0      616.1897    96      747.1480      Cuts: 98     2246   17.53%
*     0+    0                          746.2744      616.1897     2246   17.43%
      0     0      618.6445   101      746.2744      Cuts: 96     2436   17.10%
*     0+    0                          684.0288      618.6445     2436    9.56%
*     0+    0                          682.5178      618.6445     2436    9.36%
      0     0      619.2297    99      682.5178      Cuts: 72     2563    9.27%
      0     0      630.4066    96      682.5178      Cuts: 67     2978    7.64%
      0     0      633.3457    90      682.5178      Cuts: 99     3239    7.20%
      0     0      635.1421    82      682.5178      Cuts: 63     3571    6.94%
      0     0      636.3663    95      682.5178      Cuts: 68     3794    6.76%
      0     0      637.5726    95      682.5178      Cuts: 72     3925    6.59%
      0     0      637.8426    94      682.5178      Cuts: 69     4039    6.55%
*     0+    0                          682.3757      637.8426     4138    6.53%
      0     0      637.8835    96      682.3757      Cuts: 48     4138    6.52%
      0     0      638.4695    92      682.3757      Cuts: 17     4250    6.43%
      0     0      638.6153    95      682.3757      Cuts: 78     4333    6.41%
      0     0      638.6848    95      682.3757      Cuts: 45     4390    6.39%
      0     2      638.6848    92      682.3757      638.8053     4390    6.39%
Elapsed time = 5.36 sec. (3387.90 ticks, tree = 0.01 MB, solutions = 7)
      5     7      639.3543    77      682.3757      638.8053     5338    6.39%
     71    73      644.6429    67      682.3757      638.8053    22802    6.39%
    230   177      649.8358    64      682.3757      638.8053    41597    6.39%
    439   294      641.4620    76      682.3757      639.1239    57906    6.34%
    678   487      654.9229    69      682.3757      640.3356    77783    6.16%
    889   658      663.4188    39      682.3757      640.3356    94925    6.16%
   1178   887      644.4570    86      682.3757      640.3356   110737    6.16%
   1467  1160      668.3168    56      682.3757      640.8249   128288    6.09%
   1728  1407      661.2376    60      682.3757      640.8503   147206    6.09%
   2468  2079      645.4540   109      682.3757      645.4540   202508    5.41%
Elapsed time = 16.00 sec. (9839.20 ticks, tree = 1.98 MB, solutions = 7)
   2472  2082      649.7107    93      682.3757      645.4691   203569    5.41%
   2527  1992      653.5051    78      682.3757      645.6184   212804    5.39%
   3072  2059      647.6811    78      682.3757      645.7615   247473    5.37%
   4117  2568      670.8348    58      682.3757      646.0376   279768    5.33%
   5366  3207      647.1056    95      682.3757      646.7147   319126    5.23%
   6768  3991      676.7867    77      682.3757      646.8025   358128    5.21%
   8009  5124      664.7631    81      682.3757      647.0418   400051    5.18%
   9023  6025      655.1689    77      682.3757      647.2527   439206    5.15%
  10062  6964        cutoff            682.3757      647.4890   477573    5.11%
  11049  7832      671.2514    71      682.3757      647.6099   517517    5.09%
Elapsed time = 32.50 sec. (19479.62 ticks, tree = 53.21 MB, solutions = 7)
* 11237+ 7971                          679.3761      648.0320   531164    4.61%
  11683  8101      676.8396    65      679.3761      648.1733   561415    4.59%
  12485  8712      661.2765    34      679.3761      648.4002   608699    4.56%
  13332  9402      667.8818    72      679.3761      648.7895   651765    4.50%
  14277 10071        cutoff            679.3761      649.4332   703573    4.41%
  14997 10607      678.0152    25      679.3761      649.7040   745024    4.37%
  15899 11194      678.2119    45      679.3761      650.4806   794633    4.25%
  16709 11735      674.7165    75      679.3761      650.9864   846332    4.18%
  17356 12118      667.2010    74      679.3761      651.1397   883440    4.16%
* 18215 12638      integral     0      679.2683      651.5979   936471    4.07%
  18917 13067        cutoff            679.2683      651.9410   982417    4.02%
Elapsed time = 47.25 sec. (28961.40 ticks, tree = 91.69 MB, solutions = 9)
  19630 13360      663.4569    68      679.2683      652.7836  1037511    3.90%
  20371 13804      678.2208    71      679.2683      653.0875  1079971    3.85%
  21288 14338      664.6480    37      679.2683      653.5305  1132554    3.79%
  22125 14812        cutoff            679.2683      653.6663  1184354    3.77%
  22938 15280        cutoff            679.2683      654.3155  1234793    3.67%
  23749 15708      670.4346    67      679.2683      654.6553  1282351    3.62%
  24589 16291      677.3778    49      679.2683      654.9114  1324536    3.59%
  25585 16960      664.7172    77      679.2683      655.3629  1374766    3.52%
  26042 17278      665.6262    61      679.2683      655.5635  1393389    3.49%
  26043 17279      678.1263    37      679.2683      655.5635  1393467    3.49%
Elapsed time = 67.36 sec. (41045.28 ticks, tree = 136.30 MB, solutions = 9)
  26046 17282      653.9598    93      679.2683      655.5635  1396961    3.49%
  26073 16577      654.3271    99      679.2683      655.5635  1401605    3.49%
  26151 16117      665.4619    71      679.2683      655.5635  1407849    3.49%
  26484 14319      669.3126    78      679.2683      655.5635  1422296    3.49%
  27161 14039      672.8533    46      679.2683      655.5635  1439907    3.49%
  28062 13789      660.2510    69      679.2683      657.1507  1469851    3.26%
  29102 13801      661.0386    22      679.2683      658.2882  1507944    3.09%
  30274 13816      664.3405    60      679.2683      658.8053  1551501    3.01%
  31547 13986      678.1335    54      679.2683      659.1799  1603292    2.96%
  32466 14102      665.1153    24      679.2683      659.5114  1643413    2.91%
Elapsed time = 84.72 sec. (52110.39 ticks, tree = 111.63 MB, solutions = 9)
  33669 14379      673.1336    76      679.2683      660.0100  1693039    2.84%
  35045 14569        cutoff            679.2683      660.2297  1742267    2.80%
  36578 14834      667.7193    54      679.2683      661.2039  1805495    2.66%
  37695 15022      675.5606    47      679.2683      661.5523  1869977    2.61%
  38820 15175      670.8340    49      679.2683      661.8512  1917767    2.56%
  39950 15369      666.9191    60      679.2683      662.1011  1962982    2.53%
  41054 15586      674.3779    69      679.2683      662.4301  2016808    2.48%
  41631 15545      676.3013    73      679.2683      662.6435  2052209    2.45%
  42998 15729      677.6305    63      679.2683      663.0545  2111033    2.39%
  43710 15666      666.2817    89      679.2683      663.3080  2158057    2.35%
Elapsed time = 102.78 sec. (61778.22 ticks, tree = 118.40 MB, solutions = 9)
  44575 15760      672.1036    85      679.2683      663.5369  2201023    2.32%
  45596 15881      667.8559    93      679.2683      663.7046  2253787    2.29%
  46385 15926      676.8533    44      679.2683      663.8952  2296605    2.26%
  47243 15895      676.4934    68      679.2683      663.9729  2346386    2.25%
  48114 15822      671.8926    46      679.2683      664.1935  2394403    2.22%
  49030 15795      678.7487    44      679.2683      664.3800  2443885    2.19%
  49982 15907      674.2038    77      679.2683      664.5558  2499928    2.17%
  50671 16172        cutoff            679.2683      664.7192  2542451    2.14%
  51474 16469      679.0515    41      679.2683      664.9186  2595408    2.11%
  52445 16987      674.5799    77      679.2683      665.0655  2644113    2.09%
Elapsed time = 120.81 sec. (71453.69 ticks, tree = 128.71 MB, solutions = 9)
  53418 17559      678.3050    62      679.2683      665.1785  2688319    2.07%
  54486 18120      679.1459    46      679.2683      665.3038  2734931    2.06%
  55288 18448      676.1500    56      679.2683      665.4398  2787702    2.04%
  56282 18919      672.8930    60      679.2683      665.6159  2828346    2.01%
  57118 19202      668.2261    72      679.2683      665.6739  2873398    2.00%
  58068 19649      673.0115    20      679.2683      665.8123  2924725    1.98%
  58835 19945      689.2694    69      679.2683      665.9891  2964505    1.95%
  59705 20307        cutoff            679.2683      666.0630  3009479    1.94%
  60582 20683      673.6716    56      679.2683      666.1790  3057173    1.93%
  61598 21194      668.2763    77      679.2683      666.3229  3101409    1.91%
Elapsed time = 137.45 sec. (81057.80 ticks, tree = 170.85 MB, solutions = 9)
  62469 21639      673.1917    91      679.2683      666.3858  3139538    1.90%
  63297 21918      678.8916    71      679.2683      666.5238  3184406    1.88%
  64170 22311      671.5568    82      679.2683      666.6592  3231556    1.86%
  65052 22706      678.1921    28      679.2683      666.7490  3278010    1.84%
  65792 22924      675.3998    75      679.2683      666.9235  3315065    1.82%
  66611 23273        cutoff            679.2683      667.0504  3360997    1.80%
  67447 23676        cutoff            679.2683      667.1133  3401886    1.79%
  68212 23896      674.4827    82      679.2683      667.2288  3449779    1.77%
  68885 24202      676.8140    44      679.2683      667.2962  3483722    1.76%
  69756 24576      672.0248    64      679.2683      667.4132  3535680    1.75%
Elapsed time = 154.45 sec. (90630.37 ticks, tree = 197.49 MB, solutions = 9)
  70491 24810      677.2320    64      679.2683      667.5485  3580518    1.73%
  71273 25122      677.5212    47      679.2683      667.6107  3629021    1.72%
  72026 25407      674.9151    85      679.2683      667.7298  3671915    1.70%
  72791 25732      668.0363    73      679.2683      667.7996  3712656    1.69%
  73718 26021        cutoff            679.2683      667.9670  3761702    1.66%
  74524 26375      672.7692    32      679.2683      668.0716  3808424    1.65%
  75452 26780      672.9089    62      679.2683      668.1344  3863513    1.64%
  76235 27038      676.6640    83      679.2683      668.2135  3908389    1.63%
  76933 27280      672.0243    32      679.2683      668.3262  3953895    1.61%
  79998 28160      676.9785    60      679.2683      668.6947  4126067    1.56%
Elapsed time = 183.95 sec. (103420.02 ticks, tree = 233.04 MB, solutions = 9)
  82910 29055      670.2191    76      679.2683      669.0072  4297739    1.51%
  86029 29783      676.8175    71      679.2683      669.3729  4480557    1.46%
  89104 30428      675.0019    56      679.2683      669.7499  4658567    1.40%
  91863 30629      678.9187    65      679.2683      670.0036  4832119    1.36%
  94579 30814      674.8641    50      679.2683      670.3489  5010446    1.31%
  97329 30950      673.2172    78      679.2683      670.6410  5176131    1.27%
 100719 31237      675.8831    61      679.2683      670.9690  5376362    1.22%
 103763 31223        cutoff            679.2683      671.2246  5556610    1.18%
 106674 31378      677.3962    71      679.2683      671.5111  5722665    1.14%
 109559 31262      678.8083    54      679.2683      671.7886  5898232    1.10%
Elapsed time = 250.30 sec. (141987.62 ticks, tree = 261.22 MB, solutions = 9)
 112608 31163        cutoff            679.2683      672.0572  6088718    1.06%
 115501 30782      676.0586    51      679.2683      672.3828  6264359    1.01%
 118320 30496      677.5986    43      679.2683      672.6321  6430271    0.98%
 121112 29994        cutoff            679.2683      672.8885  6590814    0.94%
 123938 29639      676.6357    41      679.2683      673.1173  6750596    0.91%
 126798 28827      674.5311    56      679.2683      673.3559  6911273    0.87%
 129911 28079      676.4708    52      679.2683      673.6348  7080694    0.83%
 133371 27127      677.8741    55      679.2683      673.9438  7290641    0.78%
 137046 25869      679.2533    17      679.2683      674.2793  7513654    0.73%
 140632 24535      678.8568    51      679.2683      674.6099  7730129    0.69%
Elapsed time = 313.84 sec. (180220.50 ticks, tree = 190.85 MB, solutions = 9)
 144699 22878      678.4682    65      679.2683      674.9789  7968779    0.63%
 149128 20736        cutoff            679.2683      675.3839  8209551    0.57%
 153389 18287        cutoff            679.2683      675.8722  8429679    0.50%
 158466 14829        cutoff            679.2683      676.4190  8643408    0.42%
 163999 10720        cutoff            679.2683      676.9871  8846042    0.34%
 170405  5331        cutoff            679.2683      677.7904  9007283    0.22%

GUB cover cuts applied:  6
Cover cuts applied:  109
Implied bound cuts applied:  121
Flow cuts applied:  148
Mixed integer rounding cuts applied:  86
Flow path cuts applied:  2
Zero-half cuts applied:  17
Lift and project cuts applied:  62
Gomory fractional cuts applied:  3

Root node processing (before b&c):
  Real time             =    5.34 sec. (3380.06 ticks)
Parallel b&c, 4 threads:
  Real time             =  349.14 sec. (201807.99 ticks)
  Sync time (average)   =   12.81 sec.
  Wait time (average)   =    0.00 sec.
                          ------------
Total (root+branch&cut) =  354.49 sec. (205188.05 ticks)

Solution status = Optimal

Total Distance 679.2682710601871
The variables x_{ij} 

---->x[1][1] = 1.0
---->x[1][5] = 1.0
---->x[1][9] = 1.0
---->x[1][10] = 1.0
---->x[1][13] = 1.0
---->x[1][23] = 1.0
---->x[2][18] = 1.0
---->x[3][6] = 1.0
---->x[4][15] = 1.0
---->x[5][27] = 1.0
---->x[6][29] = 1.0
---->x[7][28] = 1.0
---->x[8][17] = 1.0
---->x[9][24] = 1.0
---->x[10][4] = 1.0
---->x[11][19] = 1.0
---->x[12][14] = 1.0
---->x[13][16] = 1.0
---->x[14][1] = 1.0
---->x[15][22] = 1.0
---->x[16][3] = 1.0
---->x[17][11] = 1.0
---->x[18][20] = 1.0
---->x[19][21] = 1.0
---->x[20][1] = 1.0
---->x[21][1] = 1.0
---->x[22][2] = 1.0
---->x[23][8] = 1.0
---->x[24][31] = 1.0
---->x[25][26] = 1.0
---->x[26][30] = 1.0
---->x[27][1] = 1.0
---->x[28][12] = 1.0
---->x[29][7] = 1.0
---->x[30][1] = 1.0
---->x[31][25] = 1.0

The flow variables f_{ij} 

---->f[1][1] = 0.0
---->f[1][5] = 18.0
---->f[1][9] = 83.0
---->f[1][10] = 89.99999999999999
---->f[1][13] = 87.0
---->f[1][23] = 86.0
---->f[2][18] = 34.0
---->f[3][6] = 58.99999999999999
---->f[4][15] = 79.99999999999999
---->f[5][27] = 8.0
---->f[6][29] = 56.99999999999999
---->f[7][28] = 26.999999999999993
---->f[8][17] = 55.0
---->f[9][24] = 66.0
---->f[10][4] = 84.99999999999999
---->f[11][19] = 25.999999999999986
---->f[12][14] = 7.0
---->f[13][16] = 73.0
---->f[14][1] = 0.0
---->f[15][22] = 70.99999999999999
---->f[16][3] = 62.99999999999999
---->f[17][11] = 38.0
---->f[18][20] = 14.0
---->f[19][21] = 7.999999999999986
---->f[20][1] = 0.0
---->f[21][1] = 0.0
---->f[22][2] = 51.0
---->f[23][8] = 74.0
---->f[24][31] = 58.0
---->f[25][26] = 23.0
---->f[26][30] = 6.0
---->f[27][1] = 0.0
---->f[28][12] = 14.0
---->f[29][7] = 39.99999999999999
---->f[30][1] = 0.0
---->f[31][25] = 42.0

Balance

In node 1: 
------> Inflow value is : 0.0
------> Outflow value is : 364.0
------> Inflow - Outflow : -364.0
------> Demand value is : 0.0
In node 2: 
------> Inflow value is : 51.0
------> Outflow value is : 34.0
------> Inflow - Outflow : 17.0
------> Demand value is : 17.0
In node 3: 
------> Inflow value is : 62.99999999999999
------> Outflow value is : 58.99999999999999
------> Inflow - Outflow : 4.0
------> Demand value is : 4.0
In node 4: 
------> Inflow value is : 84.99999999999999
------> Outflow value is : 79.99999999999999
------> Inflow - Outflow : 5.0
------> Demand value is : 5.0
In node 5: 
------> Inflow value is : 18.0
------> Outflow value is : 8.0
------> Inflow - Outflow : 10.0
------> Demand value is : 10.0
In node 6: 
------> Inflow value is : 58.99999999999999
------> Outflow value is : 56.99999999999999
------> Inflow - Outflow : 2.0
------> Demand value is : 2.0
In node 7: 
------> Inflow value is : 39.99999999999999
------> Outflow value is : 26.999999999999993
------> Inflow - Outflow : 13.0
------> Demand value is : 13.0
In node 8: 
------> Inflow value is : 74.0
------> Outflow value is : 55.0
------> Inflow - Outflow : 19.0
------> Demand value is : 19.0
In node 9: 
------> Inflow value is : 83.0
------> Outflow value is : 66.0
------> Inflow - Outflow : 17.0
------> Demand value is : 17.0
In node 10: 
------> Inflow value is : 89.99999999999999
------> Outflow value is : 84.99999999999999
------> Inflow - Outflow : 5.0
------> Demand value is : 5.0
In node 11: 
------> Inflow value is : 38.0
------> Outflow value is : 25.999999999999986
------> Inflow - Outflow : 12.000000000000014
------> Demand value is : 12.0
In node 12: 
------> Inflow value is : 14.0
------> Outflow value is : 7.0
------> Inflow - Outflow : 7.0
------> Demand value is : 7.0
In node 13: 
------> Inflow value is : 87.0
------> Outflow value is : 73.0
------> Inflow - Outflow : 14.0
------> Demand value is : 14.0
In node 14: 
------> Inflow value is : 7.0
------> Outflow value is : 0.0
------> Inflow - Outflow : 7.0
------> Demand value is : 7.0
In node 15: 
------> Inflow value is : 79.99999999999999
------> Outflow value is : 70.99999999999999
------> Inflow - Outflow : 9.0
------> Demand value is : 9.0
In node 16: 
------> Inflow value is : 73.0
------> Outflow value is : 62.99999999999999
------> Inflow - Outflow : 10.000000000000007
------> Demand value is : 10.0
In node 17: 
------> Inflow value is : 55.0
------> Outflow value is : 38.0
------> Inflow - Outflow : 17.0
------> Demand value is : 17.0
In node 18: 
------> Inflow value is : 34.0
------> Outflow value is : 14.0
------> Inflow - Outflow : 20.0
------> Demand value is : 20.0
In node 19: 
------> Inflow value is : 25.999999999999986
------> Outflow value is : 7.999999999999986
------> Inflow - Outflow : 18.0
------> Demand value is : 18.0
In node 20: 
------> Inflow value is : 14.0
------> Outflow value is : 0.0
------> Inflow - Outflow : 14.0
------> Demand value is : 14.0
In node 21: 
------> Inflow value is : 7.999999999999986
------> Outflow value is : 0.0
------> Inflow - Outflow : 7.999999999999986
------> Demand value is : 8.0
In node 22: 
------> Inflow value is : 70.99999999999999
------> Outflow value is : 51.0
------> Inflow - Outflow : 19.999999999999986
------> Demand value is : 20.0
In node 23: 
------> Inflow value is : 86.0
------> Outflow value is : 74.0
------> Inflow - Outflow : 12.0
------> Demand value is : 12.0
In node 24: 
------> Inflow value is : 66.0
------> Outflow value is : 58.0
------> Inflow - Outflow : 8.0
------> Demand value is : 8.0
In node 25: 
------> Inflow value is : 42.0
------> Outflow value is : 23.0
------> Inflow - Outflow : 19.0
------> Demand value is : 19.0
In node 26: 
------> Inflow value is : 23.0
------> Outflow value is : 6.0
------> Inflow - Outflow : 17.0
------> Demand value is : 17.0
In node 27: 
------> Inflow value is : 8.0
------> Outflow value is : 0.0
------> Inflow - Outflow : 8.0
------> Demand value is : 8.0
In node 28: 
------> Inflow value is : 26.999999999999993
------> Outflow value is : 14.0
------> Inflow - Outflow : 12.999999999999993
------> Demand value is : 13.0
In node 29: 
------> Inflow value is : 56.99999999999999
------> Outflow value is : 39.99999999999999
------> Inflow - Outflow : 17.0
------> Demand value is : 17.0
In node 30: 
------> Inflow value is : 6.0
------> Outflow value is : 0.0
------> Inflow - Outflow : 6.0
------> Demand value is : 6.0
In node 31: 
------> Inflow value is : 58.0
------> Outflow value is : 42.0
------> Inflow - Outflow : 16.0
------> Demand value is : 16.0
